<?xml version="1.0" encoding="UTF-8"?>
<testng-results ignored="0" total="1" passed="1" failed="0" skipped="0">
  <reporter-output>
  </reporter-output>
  <suite started-at="2023-02-13T09:35:36 IST" name="Surefire suite" finished-at="2023-02-13T09:36:03 IST" duration-ms="26230">
    <groups>
      <group name="cucumber">
        <method signature="AbstractTestNGCucumberTests.runScenario(io.cucumber.testng.PickleWrapper,io.cucumber.testng.FeatureWrapper)[pri:0, instance:com.amazon.runner.runner@60dcc9fe]" name="runScenario" class="io.cucumber.testng.AbstractTestNGCucumberTests"/>
      </group> <!-- cucumber -->
    </groups>
    <test started-at="2023-02-13T09:35:36 IST" name="Surefire test" finished-at="2023-02-13T09:36:03 IST" duration-ms="26230">
      <class name="com.amazon.runner.runner">
        <test-method is-config="true" signature="setUpClass(org.testng.ITestContext)[pri:0, instance:com.amazon.runner.runner@60dcc9fe]" started-at="2023-02-13T09:35:36 IST" name="setUpClass" finished-at="2023-02-13T09:35:37 IST" duration-ms="718" status="PASS">
          <params>
            <param index="0">
              <value>
                <![CDATA[org.testng.TestRunner@71c17a57]]>
              </value>
            </param>
          </params>
          <reporter-output>
          </reporter-output>
        </test-method> <!-- setUpClass -->
        <test-method signature="runScenario(io.cucumber.testng.PickleWrapper,io.cucumber.testng.FeatureWrapper)[pri:0, instance:com.amazon.runner.runner@60dcc9fe]" started-at="2023-02-13T09:35:37 IST" name="runScenario" description="Runs Cucumber Scenarios" data-provider="scenarios" finished-at="2023-02-13T09:36:03 IST" duration-ms="25302" status="PASS">
          <params>
            <param index="0">
              <value>
                <![CDATA["Basic to process"]]>
              </value>
            </param>
            <param index="1">
              <value>
                <![CDATA["Automation testng with partycity"]]>
              </value>
            </param>
          </params>
          <reporter-output>
          </reporter-output>
        </test-method> <!-- runScenario -->
        <test-method is-config="true" signature="tearDownClass()[pri:0, instance:com.amazon.runner.runner@60dcc9fe]" started-at="2023-02-13T09:36:03 IST" name="tearDownClass" finished-at="2023-02-13T09:36:03 IST" duration-ms="141" status="PASS">
          <reporter-output>
          </reporter-output>
        </test-method> <!-- tearDownClass -->
      </class> <!-- com.amazon.runner.runner -->
    </test> <!-- Surefire test -->
  </suite> <!-- Surefire suite -->
</testng-results>
