<?xml version="1.0" encoding="UTF-8"?>
<testng-results ignored="0" total="1" passed="1" failed="0" skipped="0">
  <reporter-output>
  </reporter-output>
  <suite started-at="2023-02-12T22:46:54 IST" name="Default suite" finished-at="2023-02-12T22:47:42 IST" duration-ms="47423">
    <groups>
      <group name="cucumber">
        <method signature="AbstractTestNGCucumberTests.runScenario(io.cucumber.testng.PickleWrapper,io.cucumber.testng.FeatureWrapper)[pri:0, instance:com.amazon.runner.runner@428640fa]" name="runScenario" class="io.cucumber.testng.AbstractTestNGCucumberTests"/>
      </group> <!-- cucumber -->
    </groups>
    <test started-at="2023-02-12T22:46:54 IST" name="Default test" finished-at="2023-02-12T22:47:42 IST" duration-ms="47423">
      <class name="com.amazon.runner.runner">
        <test-method is-config="true" signature="setUpClass(org.testng.ITestContext)[pri:0, instance:com.amazon.runner.runner@428640fa]" started-at="2023-02-12T22:46:54 IST" name="setUpClass" finished-at="2023-02-12T22:46:56 IST" duration-ms="1508" status="PASS">
          <params>
            <param index="0">
              <value>
                <![CDATA[org.testng.TestRunner@7a3b7122]]>
              </value>
            </param>
          </params>
          <reporter-output>
          </reporter-output>
        </test-method> <!-- setUpClass -->
        <test-method signature="runScenario(io.cucumber.testng.PickleWrapper,io.cucumber.testng.FeatureWrapper)[pri:0, instance:com.amazon.runner.runner@428640fa]" started-at="2023-02-12T22:46:56 IST" name="runScenario" description="Runs Cucumber Scenarios" data-provider="scenarios" finished-at="2023-02-12T22:47:42 IST" duration-ms="45669" status="PASS">
          <params>
            <param index="0">
              <value>
                <![CDATA["Basic to process"]]>
              </value>
            </param>
            <param index="1">
              <value>
                <![CDATA["Automation testng with partycity"]]>
              </value>
            </param>
          </params>
          <reporter-output>
          </reporter-output>
        </test-method> <!-- runScenario -->
        <test-method is-config="true" signature="tearDownClass()[pri:0, instance:com.amazon.runner.runner@428640fa]" started-at="2023-02-12T22:47:42 IST" name="tearDownClass" finished-at="2023-02-12T22:47:42 IST" duration-ms="170" status="PASS">
          <reporter-output>
          </reporter-output>
        </test-method> <!-- tearDownClass -->
      </class> <!-- com.amazon.runner.runner -->
    </test> <!-- Default test -->
  </suite> <!-- Default suite -->
</testng-results>
